<?xml version="1.0" encoding="UTF-8"?>
<testng-results skipped="0" failed="0" ignored="0" total="1" passed="1">
  <reporter-output>
  </reporter-output>
  <suite name="Default suite" duration-ms="69" started-at="2019-06-15T02:48:16Z" finished-at="2019-06-15T02:48:16Z">
    <groups>
    </groups>
    <test name="Default test" duration-ms="69" started-at="2019-06-15T02:48:16Z" finished-at="2019-06-15T02:48:16Z">
      <class name="com.example8.ApplicationTests">
        <test-method status="PASS" signature="contextLoads()[pri:0, instance:com.example8.ApplicationTests@3327bd23]" name="contextLoads" duration-ms="15" started-at="2019-06-15T02:48:16Z" finished-at="2019-06-15T02:48:16Z">
          <reporter-output>
          </reporter-output>
        </test-method> <!-- contextLoads -->
      </class> <!-- com.example8.ApplicationTests -->
    </test> <!-- Default test -->
  </suite> <!-- Default suite -->
</testng-results>
